Product 5 N/A
Product 3 Ok
	Generator: 1
	Energy: 165
	Start pos: 1
<3, 165>
 +-<3 @ 1>
 +-<3, 68>
    +-<1 @ 2>
    +-<2 @ 0>
Product 2 Ok
	Generator: 5
	Energy: 363
	Start pos: 3
<2, 363>
 +-<1 @ 3>
 +-<1, 265>
    +-<5 @ 4>
    +-<4, 172>
       +-<3 @ 0>
       +-<2, 77>
          +-<5 @ 1>
          +-<2 @ 2>
Product 3 Ok
	Generator: 5
	Energy: 432
	Start pos: 3
<3, 432>
 +-<0 @ 3>
 +-<5, 333>
    +-<0 @ 4>
    +-<4, 260>
       +-<1 @ 5>
       +-<5, 171>
          +-<4 @ 0>
          +-<3, 99>
             +-<5 @ 1>
             +-<0 @ 2>
Product 0 Ok
	Generator: 7
	Energy: 637
	Start pos: 0
<0, 637>
 +-<1 @ 0>
 +-<3, 542>
    +-<0 @ 1>
    +-<5, 443>
       +-<3, 368>
       |  +-<5, 174>
       |  |  +-<3 @ 2>
       |  |  +-<0, 83>
       |  |     +-<2 @ 3>
       |  |     +-<4 @ 4>
       |  +-<0, 95>
       |     +-<3 @ 5>
       |     +-<1 @ 6>
       +-<2 @ 7>
Product 1 Ok
	Generator: 7
	Energy: 844
	Start pos: 2
<1, 844>
 +-<2 @ 2>
 +-<2, 753>
    +-<3 @ 3>
    +-<3, 656>
       +-<5 @ 4>
       +-<0, 557>
          +-<1 @ 5>
          +-<3, 462>
             +-<5 @ 6>
             +-<0, 363>
                +-<1, 78>
                |  +-<1 @ 7>
                |  +-<1 @ 8>
                +-<3, 190>
                   +-<0 @ 9>
                   +-<5, 91>
                      +-<3 @ 0>
                      +-<0 @ 1>
Product 0 Ok
	Generator: 7
	Energy: 940
	Start pos: 0
<0, 940>
 +-<3, 190>
 |  +-<5, 91>
 |  |  +-<3 @ 0>
 |  |  +-<0 @ 1>
 |  +-<0 @ 2>
 +-<1, 655>
    +-<0, 559>
    |  +-<1, 96>
    |  |  +-<0 @ 3>
    |  |  +-<4 @ 4>
    |  +-<3, 368>
    |     +-<5 @ 5>
    |     +-<0, 269>
    |        +-<1, 174>
    |        |  +-<1 @ 6>
    |        |  +-<1, 96>
    |        |     +-<4 @ 7>
    |        |     +-<0 @ 8>
    |        +-<3 @ 9>
    +-<4 @ 10>
Product 2 Ok
	Generator: 5
	Energy: 1101
	Start pos: 2
<2, 1101>
 +-<5 @ 2>
 +-<2, 1024>
    +-<1 @ 3>
    +-<2, 929>
       +-<1, 361>
       |  +-<4, 267>
       |  |  +-<3, 172>
       |  |  |  +-<0 @ 4>
       |  |  |  +-<5, 73>
       |  |  |     +-<0 @ 5>
       |  |  |     +-<4 @ 6>
       |  |  +-<2 @ 7>
       |  +-<4 @ 8>
       +-<2, 473>
          +-<1, 94>
          |  +-<4 @ 9>
          |  +-<4 @ 10>
          +-<2, 284>
             +-<2 @ 11>
             +-<1, 189>
                +-<4 @ 12>
                +-<4, 95>
                   +-<3 @ 0>
                   +-<2 @ 1>
Product 4 Ok
	Generator: 7
	Energy: 1329
	Start pos: 2
<4, 1329>
 +-<2 @ 2>
 +-<3, 1231>
    +-<0, 1132>
    |  +-<3 @ 3>
    |  +-<1, 1037>
    |     +-<0, 843>
    |     |  +-<3, 748>
    |     |  |  +-<0 @ 4>
    |     |  |  +-<5, 649>
    |     |  |     +-<3, 558>
    |     |  |     |  +-<5 @ 5>
    |     |  |     |  +-<0, 459>
    |     |  |     |     +-<3, 364>
    |     |  |     |     |  +-<5, 265>
    |     |  |     |     |  |  +-<3, 190>
    |     |  |     |     |  |  |  +-<5, 91>
    |     |  |     |     |  |  |  |  +-<3 @ 6>
    |     |  |     |     |  |  |  |  +-<0 @ 7>
    |     |  |     |     |  |  |  +-<0 @ 8>
    |     |  |     |     |  |  +-<2 @ 9>
    |     |  |     |     |  +-<0 @ 10>
    |     |  |     |     +-<1 @ 11>
    |     |  |     +-<0 @ 12>
    |     |  +-<1 @ 13>
    |     +-<4, 98>
    |        +-<5 @ 14>
    |        +-<2 @ 0>
    +-<5 @ 1>
Product 5 Ok
	Generator: 7
	Energy: 1355
	Start pos: 0
<5, 1355>
 +-<0, 83>
 |  +-<4 @ 0>
 |  +-<2 @ 1>
 +-<3, 1181>
    +-<5, 337>
    |  +-<3, 163>
    |  |  +-<4, 98>
    |  |  |  +-<2 @ 2>
    |  |  |  +-<3 @ 3>
    |  |  +-<4 @ 4>
    |  +-<0, 83>
    |     +-<2 @ 5>
    |     +-<4 @ 6>
    +-<0, 745>
       +-<3 @ 7>
       +-<1, 650>
          +-<4 @ 8>
          +-<0, 554>
             +-<3, 285>
             |  +-<0, 186>
             |  |  +-<1, 91>
             |  |  |  +-<2 @ 9>
             |  |  |  +-<2 @ 10>
             |  |  +-<3 @ 11>
             |  +-<5 @ 12>
             +-<1, 174>
                +-<1, 96>
                |  +-<0 @ 13>
                |  +-<4 @ 14>
                +-<1 @ 15>
Product 0 Ok
	Generator: 5
	Energy: 1576
	Start pos: 14
<0, 1576>
 +-<1 @ 14>
 +-<5, 1496>
    +-<4 @ 15>
    +-<4, 1420>
       +-<2, 1325>
       |  +-<2, 1230>
       |  |  +-<0 @ 16>
       |  |  +-<1, 1137>
       |  |     +-<4 @ 17>
       |  |     +-<4, 1043>
       |  |        +-<2, 948>
       |  |        |  +-<0 @ 0>
       |  |        |  +-<1, 855>
       |  |        |     +-<4 @ 1>
       |  |        |     +-<4, 761>
       |  |        |        +-<3, 99>
       |  |        |        |  +-<0 @ 2>
       |  |        |        |  +-<5 @ 3>
       |  |        |        +-<2, 567>
       |  |        |           +-<1 @ 4>
       |  |        |           +-<2, 472>
       |  |        |              +-<1 @ 5>
       |  |        |              +-<2, 377>
       |  |        |                 +-<0 @ 6>
       |  |        |                 +-<1, 284>
       |  |        |                    +-<4, 190>
       |  |        |                    |  +-<3 @ 7>
       |  |        |                    |  +-<2, 95>
       |  |        |                    |     +-<1 @ 8>
       |  |        |                    |     +-<2 @ 9>
       |  |        |                    +-<4 @ 10>
       |  |        +-<3 @ 11>
       |  +-<1 @ 12>
       +-<3 @ 13>
Product 3 Ok
	Generator: 7
	Energy: 1765
	Start pos: 0
<3, 1765>
 +-<0, 749>
 |  +-<1, 91>
 |  |  +-<2 @ 0>
 |  |  +-<2 @ 1>
 |  +-<3, 563>
 |     +-<0 @ 2>
 |     +-<5, 464>
 |        +-<0 @ 3>
 |        +-<3, 373>
 |           +-<5 @ 4>
 |           +-<0, 274>
 |              +-<1, 179>
 |              |  +-<0, 83>
 |              |  |  +-<2 @ 5>
 |              |  |  +-<4 @ 6>
 |              |  +-<4 @ 7>
 |              +-<3 @ 8>
 +-<5, 917>
    +-<0, 826>
    |  +-<2 @ 9>
    |  +-<4, 743>
    |     +-<3, 645>
    |     |  +-<5 @ 10>
    |     |  +-<0, 546>
    |     |     +-<3 @ 11>
    |     |     +-<1, 451>
    |     |        +-<1, 277>
    |     |        |  +-<0, 83>
    |     |        |  |  +-<2 @ 12>
    |     |        |  |  +-<4 @ 13>
    |     |        |  +-<4, 98>
    |     |        |     +-<3 @ 14>
    |     |        |     +-<2 @ 15>
    |     |        +-<1, 96>
    |     |           +-<0 @ 16>
    |     |           +-<4 @ 17>
    |     +-<2 @ 18>
    +-<3 @ 19>
